<?xml version="1.0" encoding="UTF-8"?>
<!-- Generated by org.testng.reporters.JUnitReportReporter -->
<testsuite hostname="Gopika" failures="0" tests="2" name="tests.LoginTest" time="1.006" errors="0" timestamp="05 Jul 2025 07:06:19 GMT" skipped="0">
  <testcase classname="tests.LoginTest" name="testLoginPageTitle" time="0.023"/>
  <testcase classname="tests.LoginTest" name="testLoginfunctionality" time="0.983"/>
</testsuite> <!-- tests.LoginTest -->
